<?xml version="1.0" encoding="UTF-8"?>
<!-- Generated by org.testng.reporters.JUnitReportReporter -->
<testsuite hostname="LAPTOP-JMC3F72L" failures="0" tests="2" name="com.testngg.FirstTestCase" time="0.010" errors="0" timestamp="2024-09-09T13:58:50 IST" skipped="0">
  <testcase classname="com.testngg.FirstTestCase" name="hello" time="0.009"/>
  <testcase classname="com.testngg.FirstTestCase" name="hii" time="0.001"/>
</testsuite> <!-- com.testngg.FirstTestCase -->
